# JRE version: Java(TM) SE Runtime Environment (8.0_131-b11) (build 1.8.0_131-b11)
# Java VM: Java HotSpot(TM) 64-Bit Server VM (25.131-b11 mixed mode windows-amd64 compressed oops)
Heap:
 PSYoungGen      total 76288K, used 31758K [0x000000076b180000, 0x0000000774680000, 0x00000007c0000000)
  eden space 65536K, 32% used [0x000000076b180000,0x000000076c609d90,0x000000076f180000)
  from space 10752K, 99% used [0x000000076fc00000,0x0000000770679e38,0x0000000770680000)
  to   space 10752K, 0% used [0x000000076f180000,0x000000076f180000,0x000000076fc00000)
 ParOldGen       total 175104K, used 474K [0x00000006c1400000, 0x00000006cbf00000, 0x000000076b180000)
  object space 175104K, 0% used [0x00000006c1400000,0x00000006c14769b0,0x00000006cbf00000)
 Metaspace       used 16280K, capacity 16628K, committed 16896K, reserved 1064960K
  class space    used 1907K, capacity 1981K, committed 2048K, reserved 1048576K
GC Heap History (4 events):
Event: 7.744 GC heap before
{Heap before GC invocations=1 (full 0):
 PSYoungGen      total 76288K, used 65536K [0x000000076b180000, 0x0000000770680000, 0x00000007c0000000)
  eden space 65536K, 100% used [0x000000076b180000,0x000000076f180000,0x000000076f180000)
  from space 10752K, 0% used [0x000000076fc00000,0x000000076fc00000,0x0000000770680000)
  to   space 10752K, 0% used [0x000000076f180000,0x000000076f180000,0x000000076fc00000)
 ParOldGen       total 175104K, used 0K [0x00000006c1400000, 0x00000006cbf00000, 0x000000076b180000)
  object space 175104K, 0% used [0x00000006c1400000,0x00000006c1400000,0x00000006cbf00000)
 Metaspace       used 12214K, capacity 12372K, committed 12672K, reserved 1060864K
  class space    used 1506K, capacity 1607K, committed 1664K, reserved 1048576K
Event: 7.783 GC heap after
Heap after GC invocations=1 (full 0):
 PSYoungGen      total 76288K, used 10678K [0x000000076b180000, 0x0000000770680000, 0x00000007c0000000)
  eden space 65536K, 0% used [0x000000076b180000,0x000000076b180000,0x000000076f180000)
  from space 10752K, 99% used [0x000000076f180000,0x000000076fbed8e0,0x000000076fc00000)
  to   space 10752K, 0% used [0x000000076fc00000,0x000000076fc00000,0x0000000770680000)
 ParOldGen       total 175104K, used 16K [0x00000006c1400000, 0x00000006cbf00000, 0x000000076b180000)
  object space 175104K, 0% used [0x00000006c1400000,0x00000006c1404000,0x00000006cbf00000)
 Metaspace       used 12214K, capacity 12372K, committed 12672K, reserved 1060864K
  class space    used 1506K, capacity 1607K, committed 1664K, reserved 1048576K
}
Event: 12.063 GC heap before
{Heap before GC invocations=2 (full 0):
 PSYoungGen      total 76288K, used 76214K [0x000000076b180000, 0x0000000770680000, 0x00000007c0000000)
  eden space 65536K, 100% used [0x000000076b180000,0x000000076f180000,0x000000076f180000)
  from space 10752K, 99% used [0x000000076f180000,0x000000076fbed8e0,0x000000076fc00000)
  to   space 10752K, 0% used [0x000000076fc00000,0x000000076fc00000,0x0000000770680000)
 ParOldGen       total 175104K, used 16K [0x00000006c1400000, 0x00000006cbf00000, 0x000000076b180000)
  object space 175104K, 0% used [0x00000006c1400000,0x00000006c1404000,0x00000006cbf00000)
 Metaspace       used 16098K, capacity 16362K, committed 16640K, reserved 1064960K
  class space    used 1906K, capacity 1980K, committed 2048K, reserved 1048576K
Event: 12.183 GC heap after
Heap after GC invocations=2 (full 0):
 PSYoungGen      total 76288K, used 10727K [0x000000076b180000, 0x0000000774680000, 0x00000007c0000000)
  eden space 65536K, 0% used [0x000000076b180000,0x000000076b180000,0x000000076f180000)
  from space 10752K, 99% used [0x000000076fc00000,0x0000000770679e38,0x0000000770680000)
  to   space 10752K, 0% used [0x000000076f180000,0x000000076f180000,0x000000076fc00000)
 ParOldGen       total 175104K, used 474K [0x00000006c1400000, 0x00000006cbf00000, 0x000000076b180000)
  object space 175104K, 0% used [0x00000006c1400000,0x00000006c14769b0,0x00000006cbf00000)
 Metaspace       used 16098K, capacity 16362K, committed 16640K, reserved 1064960K
  class space    used 1906K, capacity 1980K, committed 2048K, reserved 1048576K
}

